<?xml version="1.0" encoding="UTF-8"?>
<coverage generated="1641312409113" clover="3.2.0">
  <project timestamp="1641312409113" name="All files">
    <metrics statements="606" coveredstatements="574" conditionals="219" coveredconditionals="195" methods="167" coveredmethods="167" elements="992" coveredelements="936" complexity="0" loc="606" ncloc="606" packages="3" files="16" classes="16"/>
    <package name="2020">
      <metrics statements="22" coveredstatements="20" conditionals="6" coveredconditionals="5" methods="5" coveredmethods="5"/>
      <file name="day01.js" path="C:\GitHub\adventofcode\2020\day01.js">
        <metrics statements="22" coveredstatements="20" conditionals="6" coveredconditionals="5" methods="5" coveredmethods="5"/>
        <line num="1" count="1" type="stmt"/>
        <line num="11" count="2" type="stmt"/>
        <line num="15" count="400" type="stmt"/>
        <line num="16" count="400" type="stmt"/>
        <line num="21" count="1" type="stmt"/>
        <line num="23" count="1" type="stmt"/>
        <line num="24" count="63" type="stmt"/>
        <line num="25" count="10489" type="stmt"/>
        <line num="31" count="10489" type="cond" truecount="2" falsecount="0"/>
        <line num="32" count="1" type="stmt"/>
        <line num="39" count="1" type="stmt"/>
        <line num="41" count="1" type="stmt"/>
        <line num="42" count="61" type="stmt"/>
        <line num="43" count="10122" type="stmt"/>
        <line num="44" count="867390" type="stmt"/>
        <line num="49" count="867390" type="cond" truecount="2" falsecount="0"/>
        <line num="50" count="1" type="stmt"/>
        <line num="59" count="1" type="cond" truecount="1" falsecount="1"/>
        <line num="60" count="0" type="stmt"/>
        <line num="61" count="0" type="stmt"/>
        <line num="64" count="1" type="stmt"/>
        <line num="65" count="1" type="stmt"/>
      </file>
    </package>
    <package name="2021">
      <metrics statements="575" coveredstatements="545" conditionals="213" coveredconditionals="190" methods="158" coveredmethods="158"/>
      <file name="day01.js" path="C:\GitHub\adventofcode\2021\day01.js">
        <metrics statements="16" coveredstatements="14" conditionals="4" coveredconditionals="3" methods="6" coveredmethods="6"/>
        <line num="1" count="1" type="stmt"/>
        <line num="15" count="2" type="stmt"/>
        <line num="17" count="4000" type="stmt"/>
        <line num="18" count="4000" type="stmt"/>
        <line num="22" count="2" type="stmt"/>
        <line num="24" count="2" type="stmt"/>
        <line num="25" count="3996" type="cond" truecount="2" falsecount="0"/>
        <line num="26" count="3277" type="stmt"/>
        <line num="30" count="2" type="stmt"/>
        <line num="34" count="1" type="stmt"/>
        <line num="38" count="1" type="stmt"/>
        <line num="42" count="1" type="cond" truecount="1" falsecount="1"/>
        <line num="43" count="0" type="stmt"/>
        <line num="44" count="0" type="stmt"/>
        <line num="47" count="1" type="stmt"/>
        <line num="48" count="1" type="stmt"/>
      </file>
      <file name="day02.js" path="C:\GitHub\adventofcode\2021\day02.js">
        <metrics statements="33" coveredstatements="29" conditionals="10" coveredconditionals="7" methods="4" coveredmethods="4"/>
        <line num="1" count="1" type="stmt"/>
        <line num="11" count="2000" type="stmt"/>
        <line num="15" count="1" type="stmt"/>
        <line num="16" count="1" type="stmt"/>
        <line num="18" count="1" type="stmt"/>
        <line num="19" count="1000" type="cond" truecount="3" falsecount="1"/>
        <line num="21" count="404" type="stmt"/>
        <line num="22" count="404" type="stmt"/>
        <line num="24" count="214" type="stmt"/>
        <line num="25" count="214" type="stmt"/>
        <line num="27" count="382" type="stmt"/>
        <line num="28" count="382" type="stmt"/>
        <line num="31" count="0" type="stmt"/>
        <line num="35" count="1" type="stmt"/>
        <line num="39" count="1" type="stmt"/>
        <line num="40" count="1" type="stmt"/>
        <line num="41" count="1" type="stmt"/>
        <line num="43" count="1" type="stmt"/>
        <line num="44" count="1000" type="cond" truecount="3" falsecount="1"/>
        <line num="46" count="404" type="stmt"/>
        <line num="47" count="404" type="stmt"/>
        <line num="48" count="404" type="stmt"/>
        <line num="50" count="214" type="stmt"/>
        <line num="51" count="214" type="stmt"/>
        <line num="53" count="382" type="stmt"/>
        <line num="54" count="382" type="stmt"/>
        <line num="57" count="0" type="stmt"/>
        <line num="60" count="1" type="stmt"/>
        <line num="64" count="1" type="cond" truecount="1" falsecount="1"/>
        <line num="65" count="0" type="stmt"/>
        <line num="66" count="0" type="stmt"/>
        <line num="69" count="1" type="stmt"/>
        <line num="70" count="1" type="stmt"/>
      </file>
      <file name="day03.js" path="C:\GitHub\adventofcode\2021\day03.js">
        <metrics statements="29" coveredstatements="27" conditionals="8" coveredconditionals="7" methods="15" coveredmethods="15"/>
        <line num="1" count="1" type="stmt"/>
        <line num="17" count="3000" type="stmt"/>
        <line num="21" count="1" type="stmt"/>
        <line num="23" count="12" type="stmt"/>
        <line num="28" count="4003" type="stmt"/>
        <line num="30" count="2667506" type="stmt"/>
        <line num="31" count="32010072" type="cond" truecount="2" falsecount="0"/>
        <line num="33" count="2667506" type="stmt"/>
        <line num="35" count="48036" type="cond" truecount="2" falsecount="0"/>
        <line num="52" count="2" type="stmt"/>
        <line num="54" count="2" type="stmt"/>
        <line num="55" count="22" type="cond" truecount="2" falsecount="0"/>
        <line num="56" count="1" type="stmt"/>
        <line num="58" count="4002" type="stmt"/>
        <line num="60" count="2" type="stmt"/>
        <line num="64" count="1" type="stmt"/>
        <line num="65" count="1" type="stmt"/>
        <line num="66" count="1" type="stmt"/>
        <line num="68" count="1" type="stmt"/>
        <line num="72" count="2042" type="stmt"/>
        <line num="76" count="1960" type="stmt"/>
        <line num="80" count="1" type="stmt"/>
        <line num="81" count="1" type="stmt"/>
        <line num="83" count="1" type="stmt"/>
        <line num="87" count="1" type="cond" truecount="1" falsecount="1"/>
        <line num="88" count="0" type="stmt"/>
        <line num="89" count="0" type="stmt"/>
        <line num="92" count="1" type="stmt"/>
        <line num="93" count="1" type="stmt"/>
      </file>
      <file name="day04.js" path="C:\GitHub\adventofcode\2021\day04.js">
        <metrics statements="46" coveredstatements="44" conditionals="20" coveredconditionals="19" methods="13" coveredmethods="13"/>
        <line num="1" count="1" type="stmt"/>
        <line num="23" count="1" type="stmt"/>
        <line num="24" count="2" type="stmt"/>
        <line num="25" count="1000" type="stmt"/>
        <line num="26" count="1000" type="stmt"/>
        <line num="27" count="1000" type="stmt"/>
        <line num="28" count="1000" type="cond" truecount="2" falsecount="0"/>
        <line num="29" count="200" type="stmt"/>
        <line num="31" count="1000" type="stmt"/>
        <line num="32" count="1000" type="stmt"/>
        <line num="35" count="1" type="stmt"/>
        <line num="36" count="206275" type="cond" truecount="2" falsecount="0"/>
        <line num="39" count="1" type="stmt"/>
        <line num="40" count="8251" type="stmt"/>
        <line num="41" count="41035" type="stmt"/>
        <line num="42" count="41035" type="cond" truecount="2" falsecount="0"/>
        <line num="46" count="101" type="stmt"/>
        <line num="51" count="1" type="stmt"/>
        <line num="52" count="50" type="cond" truecount="2" falsecount="0"/>
        <line num="55" count="1202" type="stmt"/>
        <line num="56" count="2" type="stmt"/>
        <line num="57" count="2" type="stmt"/>
        <line num="58" count="2" type="stmt"/>
        <line num="62" count="1" type="stmt"/>
        <line num="64" count="1" type="stmt"/>
        <line num="65" count="24" type="stmt"/>
        <line num="66" count="24" type="stmt"/>
        <line num="67" count="2370" type="stmt"/>
        <line num="68" count="2370" type="cond" truecount="2" falsecount="0"/>
        <line num="69" count="1" type="stmt"/>
        <line num="77" count="1" type="stmt"/>
        <line num="79" count="100" type="stmt"/>
        <line num="80" count="1" type="stmt"/>
        <line num="81" count="90" type="stmt"/>
        <line num="82" count="90" type="stmt"/>
        <line num="83" count="8910" type="cond" truecount="2" falsecount="0"/>
        <line num="84" count="5881" type="stmt"/>
        <line num="85" count="5881" type="cond" truecount="2" falsecount="0"/>
        <line num="86" count="100" type="cond" truecount="2" falsecount="0"/>
        <line num="87" count="1" type="stmt"/>
        <line num="89" count="5049" type="stmt"/>
        <line num="98" count="1" type="cond" truecount="1" falsecount="1"/>
        <line num="99" count="0" type="stmt"/>
        <line num="100" count="0" type="stmt"/>
        <line num="103" count="1" type="stmt"/>
        <line num="104" count="1" type="stmt"/>
      </file>
      <file name="day05.js" path="C:\GitHub\adventofcode\2021\day05.js">
        <metrics statements="53" coveredstatements="51" conditionals="16" coveredconditionals="15" methods="15" coveredmethods="15"/>
        <line num="1" count="1" type="stmt"/>
        <line num="14" count="1" type="stmt"/>
        <line num="15" count="2" type="stmt"/>
        <line num="16" count="1000" type="stmt"/>
        <line num="20" count="1" type="stmt"/>
        <line num="21" count="2" type="stmt"/>
        <line num="22" count="2" type="stmt"/>
        <line num="24" count="1980" type="stmt"/>
        <line num="27" count="1" type="stmt"/>
        <line num="28" count="1960200" type="cond" truecount="2" falsecount="0"/>
        <line num="31" count="2" type="stmt"/>
        <line num="33" count="1000" type="stmt"/>
        <line num="34" count="2000" type="stmt"/>
        <line num="38" count="1" type="stmt"/>
        <line num="39" count="1" type="stmt"/>
        <line num="41" count="1" type="stmt"/>
        <line num="42" count="500" type="stmt"/>
        <line num="43" count="500" type="cond" truecount="2" falsecount="0"/>
        <line num="44" count="168" type="stmt"/>
        <line num="45" count="168" type="stmt"/>
        <line num="46" count="168" type="stmt"/>
        <line num="47" count="53470" type="stmt"/>
        <line num="49" count="332" type="cond" truecount="2" falsecount="0"/>
        <line num="50" count="147" type="stmt"/>
        <line num="51" count="147" type="stmt"/>
        <line num="52" count="147" type="stmt"/>
        <line num="53" count="49254" type="stmt"/>
        <line num="58" count="1" type="stmt"/>
        <line num="62" count="1" type="stmt"/>
        <line num="63" count="1" type="stmt"/>
        <line num="65" count="1" type="stmt"/>
        <line num="66" count="500" type="stmt"/>
        <line num="67" count="500" type="cond" truecount="2" falsecount="0"/>
        <line num="68" count="168" type="stmt"/>
        <line num="69" count="168" type="stmt"/>
        <line num="70" count="168" type="stmt"/>
        <line num="71" count="53470" type="stmt"/>
        <line num="73" count="332" type="cond" truecount="2" falsecount="0"/>
        <line num="74" count="147" type="stmt"/>
        <line num="75" count="147" type="stmt"/>
        <line num="76" count="147" type="stmt"/>
        <line num="77" count="49254" type="stmt"/>
        <line num="80" count="185" type="stmt"/>
        <line num="81" count="185" type="cond" truecount="2" falsecount="0"/>
        <line num="82" count="185" type="cond" truecount="2" falsecount="0"/>
        <line num="83" count="185" type="stmt"/>
        <line num="84" count="98308" type="stmt"/>
        <line num="89" count="1" type="stmt"/>
        <line num="93" count="1" type="cond" truecount="1" falsecount="1"/>
        <line num="94" count="0" type="stmt"/>
        <line num="95" count="0" type="stmt"/>
        <line num="98" count="1" type="stmt"/>
        <line num="99" count="1" type="stmt"/>
      </file>
      <file name="day06.js" path="C:\GitHub\adventofcode\2021\day06.js">
        <metrics statements="28" coveredstatements="26" conditionals="4" coveredconditionals="3" methods="6" coveredmethods="6"/>
        <line num="1" count="1" type="stmt"/>
        <line num="3" count="1" type="stmt"/>
        <line num="4" count="1" type="stmt"/>
        <line num="5" count="80" type="stmt"/>
        <line num="6" count="80" type="stmt"/>
        <line num="7" count="4201827" type="cond" truecount="2" falsecount="0"/>
        <line num="9" count="391588" type="stmt"/>
        <line num="10" count="391588" type="stmt"/>
        <line num="12" count="3810239" type="stmt"/>
        <line num="17" count="1" type="stmt"/>
        <line num="21" count="2" type="stmt"/>
        <line num="25" count="1" type="stmt"/>
        <line num="26" count="1" type="stmt"/>
        <line num="30" count="1" type="stmt"/>
        <line num="32" count="1" type="stmt"/>
        <line num="34" count="300" type="stmt"/>
        <line num="35" count="300" type="stmt"/>
        <line num="40" count="1" type="stmt"/>
        <line num="42" count="1" type="stmt"/>
        <line num="43" count="256" type="stmt"/>
        <line num="44" count="256" type="stmt"/>
        <line num="45" count="256" type="stmt"/>
        <line num="48" count="8" type="stmt"/>
        <line num="52" count="1" type="cond" truecount="1" falsecount="1"/>
        <line num="53" count="0" type="stmt"/>
        <line num="54" count="0" type="stmt"/>
        <line num="57" count="1" type="stmt"/>
        <line num="58" count="1" type="stmt"/>
      </file>
      <file name="day07.js" path="C:\GitHub\adventofcode\2021\day07.js">
        <metrics statements="20" coveredstatements="18" conditionals="8" coveredconditionals="7" methods="7" coveredmethods="7"/>
        <line num="1" count="1" type="stmt"/>
        <line num="4" count="2" type="stmt"/>
        <line num="7" count="1" type="stmt"/>
        <line num="9" count="500000" type="stmt"/>
        <line num="12" count="2" type="stmt"/>
        <line num="14" count="2" type="stmt"/>
        <line num="15" count="2" type="stmt"/>
        <line num="17" count="1000" type="cond" truecount="2" falsecount="0"/>
        <line num="18" count="500000" type="stmt"/>
        <line num="19" count="500000" type="stmt"/>
        <line num="20" count="1000" type="cond" truecount="4" falsecount="0"/>
        <line num="21" count="762" type="stmt"/>
        <line num="25" count="2" type="stmt"/>
        <line num="29" count="1" type="stmt"/>
        <line num="33" count="1" type="stmt"/>
        <line num="37" count="1" type="cond" truecount="1" falsecount="1"/>
        <line num="38" count="0" type="stmt"/>
        <line num="39" count="0" type="stmt"/>
        <line num="42" count="1" type="stmt"/>
        <line num="43" count="1" type="stmt"/>
      </file>
      <file name="day08.js" path="C:\GitHub\adventofcode\2021\day08.js">
        <metrics statements="64" coveredstatements="62" conditionals="37" coveredconditionals="36" methods="15" coveredmethods="15"/>
        <line num="1" count="1" type="stmt"/>
        <line num="67" count="400" type="stmt"/>
        <line num="71" count="1" type="stmt"/>
        <line num="73" count="1" type="stmt"/>
        <line num="75" count="200" type="stmt"/>
        <line num="80" count="800" type="cond" truecount="2" falsecount="0"/>
        <line num="87" count="5989" type="cond" truecount="3" falsecount="0"/>
        <line num="91" count="1068" type="cond" truecount="4" falsecount="0"/>
        <line num="92" count="769" type="stmt"/>
        <line num="94" count="1495" type="cond" truecount="2" falsecount="0"/>
        <line num="98" count="200" type="stmt"/>
        <line num="100" count="200" type="stmt"/>
        <line num="102" count="2800" type="stmt"/>
        <line num="105" count="200" type="stmt"/>
        <line num="106" count="2000" type="cond" truecount="2" falsecount="0"/>
        <line num="107" count="200" type="stmt"/>
        <line num="108" count="200" type="stmt"/>
        <line num="109" count="1800" type="cond" truecount="2" falsecount="0"/>
        <line num="110" count="200" type="stmt"/>
        <line num="111" count="200" type="stmt"/>
        <line num="112" count="1600" type="cond" truecount="2" falsecount="0"/>
        <line num="113" count="200" type="stmt"/>
        <line num="114" count="200" type="stmt"/>
        <line num="115" count="1400" type="cond" truecount="2" falsecount="0"/>
        <line num="116" count="200" type="stmt"/>
        <line num="117" count="200" type="stmt"/>
        <line num="122" count="200" type="stmt"/>
        <line num="123" count="1080" type="cond" truecount="2" falsecount="0"/>
        <line num="124" count="200" type="stmt"/>
        <line num="125" count="200" type="stmt"/>
        <line num="126" count="200" type="stmt"/>
        <line num="131" count="200" type="stmt"/>
        <line num="132" count="1081" type="cond" truecount="4" falsecount="0"/>
        <line num="133" count="200" type="stmt"/>
        <line num="134" count="200" type="stmt"/>
        <line num="135" count="200" type="stmt"/>
        <line num="140" count="200" type="stmt"/>
        <line num="141" count="1081" type="cond" truecount="2" falsecount="0"/>
        <line num="142" count="200" type="stmt"/>
        <line num="143" count="200" type="stmt"/>
        <line num="144" count="200" type="stmt"/>
        <line num="149" count="200" type="stmt"/>
        <line num="150" count="1092" type="cond" truecount="4" falsecount="0"/>
        <line num="151" count="200" type="stmt"/>
        <line num="152" count="200" type="stmt"/>
        <line num="153" count="200" type="stmt"/>
        <line num="158" count="200" type="stmt"/>
        <line num="159" count="1068" type="cond" truecount="2" falsecount="0"/>
        <line num="160" count="200" type="stmt"/>
        <line num="161" count="200" type="stmt"/>
        <line num="162" count="200" type="stmt"/>
        <line num="167" count="200" type="stmt"/>
        <line num="168" count="1067" type="cond" truecount="2" falsecount="0"/>
        <line num="169" count="200" type="stmt"/>
        <line num="170" count="200" type="stmt"/>
        <line num="171" count="200" type="stmt"/>
        <line num="175" count="800" type="stmt"/>
        <line num="179" count="1" type="stmt"/>
        <line num="181" count="200" type="stmt"/>
        <line num="185" count="1" type="cond" truecount="1" falsecount="1"/>
        <line num="186" count="0" type="stmt"/>
        <line num="187" count="0" type="stmt"/>
        <line num="190" count="1" type="stmt"/>
        <line num="191" count="1" type="stmt"/>
      </file>
      <file name="day09.js" path="C:\GitHub\adventofcode\2021\day09.js">
        <metrics statements="46" coveredstatements="44" conditionals="18" coveredconditionals="17" methods="13" coveredmethods="13"/>
        <line num="1" count="1" type="stmt"/>
        <line num="9" count="1" type="stmt"/>
        <line num="17" count="1541" type="stmt"/>
        <line num="20" count="1" type="stmt"/>
        <line num="21" count="2" type="stmt"/>
        <line num="22" count="2" type="stmt"/>
        <line num="23" count="2" type="stmt"/>
        <line num="25" count="2" type="stmt"/>
        <line num="26" count="200" type="stmt"/>
        <line num="27" count="20000" type="stmt"/>
        <line num="28" count="36630" type="stmt"/>
        <line num="29" count="36630" type="stmt"/>
        <line num="30" count="36630" type="cond" truecount="5" falsecount="0"/>
        <line num="33" count="20000" type="cond" truecount="2" falsecount="0"/>
        <line num="34" count="472" type="stmt"/>
        <line num="39" count="2" type="stmt"/>
        <line num="43" count="2" type="stmt"/>
        <line num="45" count="200" type="stmt"/>
        <line num="46" count="200" type="stmt"/>
        <line num="50" count="1" type="stmt"/>
        <line num="51" count="236" type="stmt"/>
        <line num="55" count="1" type="stmt"/>
        <line num="56" count="1" type="stmt"/>
        <line num="57" count="1" type="stmt"/>
        <line num="58" count="1" type="stmt"/>
        <line num="61" count="1" type="cond" truecount="1" falsecount="0"/>
        <line num="62" count="7238" type="stmt"/>
        <line num="63" count="7238" type="stmt"/>
        <line num="64" count="7238" type="stmt"/>
        <line num="65" count="28952" type="stmt"/>
        <line num="66" count="28952" type="stmt"/>
        <line num="67" count="28952" type="cond" truecount="6" falsecount="0"/>
        <line num="69" count="28645" type="cond" truecount="2" falsecount="0"/>
        <line num="72" count="7002" type="stmt"/>
        <line num="73" count="7002" type="stmt"/>
        <line num="76" count="7238" type="stmt"/>
        <line num="79" count="1" type="stmt"/>
        <line num="81" count="236" type="stmt"/>
        <line num="82" count="236" type="stmt"/>
        <line num="84" count="236" type="stmt"/>
        <line num="88" count="3" type="stmt"/>
        <line num="92" count="1" type="cond" truecount="1" falsecount="1"/>
        <line num="93" count="0" type="stmt"/>
        <line num="94" count="0" type="stmt"/>
        <line num="97" count="1" type="stmt"/>
        <line num="98" count="1" type="stmt"/>
      </file>
      <file name="day10.js" path="C:\GitHub\adventofcode\2021\day10.js">
        <metrics statements="39" coveredstatements="37" conditionals="14" coveredconditionals="13" methods="11" coveredmethods="11"/>
        <line num="1" count="1" type="stmt"/>
        <line num="16" count="1" type="stmt"/>
        <line num="17" count="110" type="stmt"/>
        <line num="18" count="110" type="stmt"/>
        <line num="19" count="110" type="stmt"/>
        <line num="26" count="110" type="stmt"/>
        <line num="27" count="8849" type="stmt"/>
        <line num="28" count="8849" type="cond" truecount="2" falsecount="0"/>
        <line num="29" count="5120" type="stmt"/>
        <line num="31" count="3729" type="cond" truecount="4" falsecount="0"/>
        <line num="32" count="55" type="stmt"/>
        <line num="36" count="55" type="stmt"/>
        <line num="39" count="1" type="stmt"/>
        <line num="40" count="110" type="stmt"/>
        <line num="41" count="110" type="stmt"/>
        <line num="43" count="110" type="stmt"/>
        <line num="44" count="8849" type="stmt"/>
        <line num="45" count="8849" type="cond" truecount="2" falsecount="0"/>
        <line num="46" count="5120" type="stmt"/>
        <line num="48" count="3729" type="cond" truecount="4" falsecount="0"/>
        <line num="49" count="55" type="stmt"/>
        <line num="53" count="55" type="stmt"/>
        <line num="57" count="220" type="stmt"/>
        <line num="61" count="1" type="stmt"/>
        <line num="62" count="110" type="stmt"/>
        <line num="66" count="1" type="stmt"/>
        <line num="68" count="1" type="stmt"/>
        <line num="70" count="1" type="stmt"/>
        <line num="72" count="110" type="stmt"/>
        <line num="74" count="736" type="stmt"/>
        <line num="76" count="110" type="stmt"/>
        <line num="77" count="245" type="stmt"/>
        <line num="79" count="1" type="stmt"/>
        <line num="81" count="1" type="stmt"/>
        <line num="85" count="1" type="cond" truecount="1" falsecount="1"/>
        <line num="86" count="0" type="stmt"/>
        <line num="87" count="0" type="stmt"/>
        <line num="90" count="1" type="stmt"/>
        <line num="91" count="1" type="stmt"/>
      </file>
      <file name="day11.js" path="C:\GitHub\adventofcode\2021\day11.js">
        <metrics statements="47" coveredstatements="45" conditionals="21" coveredconditionals="19" methods="8" coveredmethods="8"/>
        <line num="1" count="1" type="stmt"/>
        <line num="15" count="2" type="stmt"/>
        <line num="17" count="20" type="stmt"/>
        <line num="18" count="20" type="stmt"/>
        <line num="21" count="1" type="stmt"/>
        <line num="32" count="1" type="cond" truecount="0" falsecount="1"/>
        <line num="33" count="2" type="stmt"/>
        <line num="35" count="2" type="stmt"/>
        <line num="36" count="420" type="stmt"/>
        <line num="39" count="420" type="stmt"/>
        <line num="40" count="4200" type="stmt"/>
        <line num="41" count="42000" type="stmt"/>
        <line num="42" count="42000" type="cond" truecount="2" falsecount="0"/>
        <line num="43" count="1720" type="stmt"/>
        <line num="44" count="1720" type="stmt"/>
        <line num="45" count="1720" type="stmt"/>
        <line num="47" count="40280" type="stmt"/>
        <line num="52" count="420" type="stmt"/>
        <line num="53" count="1145" type="stmt"/>
        <line num="55" count="1145" type="stmt"/>
        <line num="56" count="11450" type="stmt"/>
        <line num="57" count="114500" type="cond" truecount="2" falsecount="0"/>
        <line num="58" count="6629" type="stmt"/>
        <line num="59" count="53032" type="stmt"/>
        <line num="60" count="53032" type="stmt"/>
        <line num="62" count="53032" type="cond" truecount="4" falsecount="0"/>
        <line num="63" count="28418" type="stmt"/>
        <line num="64" count="28418" type="cond" truecount="2" falsecount="0"/>
        <line num="65" count="4909" type="stmt"/>
        <line num="66" count="4909" type="stmt"/>
        <line num="67" count="4909" type="stmt"/>
        <line num="68" count="23509" type="cond" truecount="4" falsecount="0"/>
        <line num="69" count="18685" type="stmt"/>
        <line num="73" count="6629" type="stmt"/>
        <line num="80" count="420" type="cond" truecount="2" falsecount="0"/>
        <line num="81" count="1" type="stmt"/>
        <line num="85" count="428" type="cond" truecount="2" falsecount="0"/>
        <line num="86" count="1" type="stmt"/>
        <line num="92" count="1" type="stmt"/>
        <line num="93" count="1" type="stmt"/>
        <line num="97" count="1" type="stmt"/>
        <line num="98" count="1" type="stmt"/>
        <line num="102" count="1" type="cond" truecount="1" falsecount="1"/>
        <line num="103" count="0" type="stmt"/>
        <line num="104" count="0" type="stmt"/>
        <line num="107" count="1" type="stmt"/>
        <line num="108" count="1" type="stmt"/>
      </file>
      <file name="day12.js" path="C:\GitHub\adventofcode\2021\day12.js">
        <metrics statements="31" coveredstatements="29" conditionals="13" coveredconditionals="12" methods="11" coveredmethods="11"/>
        <line num="1" count="1" type="stmt"/>
        <line num="12" count="2" type="stmt"/>
        <line num="14" count="50" type="stmt"/>
        <line num="15" count="50" type="stmt"/>
        <line num="19" count="252030" type="stmt"/>
        <line num="20" count="6300750" type="stmt"/>
        <line num="21" count="6300750" type="stmt"/>
        <line num="24" count="2" type="stmt"/>
        <line num="25" count="2" type="stmt"/>
        <line num="27" count="2" type="stmt"/>
        <line num="28" count="252030" type="stmt"/>
        <line num="30" count="252030" type="stmt"/>
        <line num="31" count="252030" type="cond" truecount="2" falsecount="0"/>
        <line num="32" count="86887" type="stmt"/>
        <line num="35" count="252030" type="stmt"/>
        <line num="36" count="1008220" type="cond" truecount="2" falsecount="0"/>
        <line num="37" count="108721" type="stmt"/>
        <line num="39" count="899499" type="cond" truecount="2" falsecount="0"/>
        <line num="40" count="666806" type="cond" truecount="4" falsecount="0"/>
        <line num="41" count="19335" type="stmt"/>
        <line num="44" count="232693" type="stmt"/>
        <line num="50" count="2" type="stmt"/>
        <line num="54" count="1" type="stmt"/>
        <line num="55" count="1" type="stmt"/>
        <line num="59" count="1" type="stmt"/>
        <line num="60" count="1" type="stmt"/>
        <line num="64" count="1" type="cond" truecount="1" falsecount="1"/>
        <line num="65" count="0" type="stmt"/>
        <line num="66" count="0" type="stmt"/>
        <line num="69" count="1" type="stmt"/>
        <line num="70" count="1" type="stmt"/>
      </file>
      <file name="day13.js" path="C:\GitHub\adventofcode\2021\day13.js">
        <metrics statements="53" coveredstatements="51" conditionals="18" coveredconditionals="14" methods="14" coveredmethods="14"/>
        <line num="1" count="1" type="stmt"/>
        <line num="26" count="1618" type="stmt"/>
        <line num="29" count="1" type="stmt"/>
        <line num="30" count="2" type="stmt"/>
        <line num="32" count="1616" type="cond" truecount="1" falsecount="1"/>
        <line num="33" count="1616" type="cond" truecount="2" falsecount="0"/>
        <line num="34" count="24" type="stmt"/>
        <line num="39" count="48" type="cond" truecount="2" falsecount="0"/>
        <line num="40" count="24" type="stmt"/>
        <line num="42" count="24" type="stmt"/>
        <line num="44" count="48" type="stmt"/>
        <line num="48" count="1592" type="stmt"/>
        <line num="51" count="1616" type="stmt"/>
        <line num="56" count="1" type="stmt"/>
        <line num="57" count="1592" type="stmt"/>
        <line num="58" count="1592" type="stmt"/>
        <line num="60" count="2" type="stmt"/>
        <line num="62" count="1788" type="stmt"/>
        <line num="63" count="1592" type="stmt"/>
        <line num="64" count="2" type="stmt"/>
        <line num="69" count="1" type="stmt"/>
        <line num="70" count="13" type="cond" truecount="2" falsecount="0"/>
        <line num="71" count="7" type="stmt"/>
        <line num="72" count="882" type="stmt"/>
        <line num="73" count="882" type="stmt"/>
        <line num="74" count="390094" type="cond" truecount="2" falsecount="0"/>
        <line num="75" count="1360" type="stmt"/>
        <line num="79" count="7" type="stmt"/>
        <line num="80" count="7" type="stmt"/>
        <line num="81" count="6" type="cond" truecount="1" falsecount="1"/>
        <line num="82" count="6" type="stmt"/>
        <line num="83" count="2620" type="stmt"/>
        <line num="84" count="1364238" type="stmt"/>
        <line num="85" count="1364238" type="cond" truecount="2" falsecount="0"/>
        <line num="86" count="1758" type="stmt"/>
        <line num="89" count="2620" type="stmt"/>
        <line num="90" count="2620" type="stmt"/>
        <line num="96" count="1" type="stmt"/>
        <line num="97" count="1" type="stmt"/>
        <line num="98" count="1" type="stmt"/>
        <line num="99" count="1" type="stmt"/>
        <line num="102" count="1" type="cond" truecount="1" falsecount="1"/>
        <line num="106" count="1" type="stmt"/>
        <line num="107" count="1" type="stmt"/>
        <line num="108" count="1" type="stmt"/>
        <line num="110" count="1" type="stmt"/>
        <line num="111" count="12" type="stmt"/>
        <line num="122" count="1" type="stmt"/>
        <line num="126" count="1" type="cond" truecount="1" falsecount="1"/>
        <line num="127" count="0" type="stmt"/>
        <line num="128" count="0" type="stmt"/>
        <line num="131" count="1" type="stmt"/>
        <line num="132" count="1" type="stmt"/>
      </file>
      <file name="day14.js" path="C:\GitHub\adventofcode\2021\day14.js">
        <metrics statements="70" coveredstatements="68" conditionals="22" coveredconditionals="18" methods="20" coveredmethods="20"/>
        <line num="1" count="1" type="stmt"/>
        <line num="23" count="2" type="stmt"/>
        <line num="25" count="204" type="stmt"/>
        <line num="26" count="202" type="stmt"/>
        <line num="29" count="23" type="stmt"/>
        <line num="31" count="19457" type="stmt"/>
        <line num="34" count="1000" type="stmt"/>
        <line num="35" count="1000" type="stmt"/>
        <line num="36" count="1000" type="stmt"/>
        <line num="37" count="19437" type="stmt"/>
        <line num="38" count="19437" type="stmt"/>
        <line num="41" count="1000" type="stmt"/>
        <line num="45" count="1" type="stmt"/>
        <line num="47" count="1" type="stmt"/>
        <line num="49" count="101" type="cond" truecount="4" falsecount="0"/>
        <line num="50" count="1" type="stmt"/>
        <line num="51" count="100" type="cond" truecount="1" falsecount="1"/>
        <line num="52" count="100" type="stmt"/>
        <line num="55" count="101" type="stmt"/>
        <line num="60" count="1" type="stmt"/>
        <line num="61" count="10" type="stmt"/>
        <line num="62" count="10" type="stmt"/>
        <line num="64" count="10" type="stmt"/>
        <line num="65" count="1000" type="stmt"/>
        <line num="66" count="1000" type="stmt"/>
        <line num="67" count="19437" type="stmt"/>
        <line num="71" count="10" type="stmt"/>
        <line num="72" count="19437" type="stmt"/>
        <line num="73" count="19437" type="stmt"/>
        <line num="74" count="19437" type="cond" truecount="1" falsecount="1"/>
        <line num="76" count="19437" type="stmt"/>
        <line num="80" count="10" type="stmt"/>
        <line num="83" count="1" type="stmt"/>
        <line num="86" count="19457" type="stmt"/>
        <line num="87" count="19457" type="cond" truecount="2" falsecount="0"/>
        <line num="88" count="10" type="stmt"/>
        <line num="90" count="19457" type="stmt"/>
        <line num="91" count="19457" type="stmt"/>
        <line num="93" count="10" type="stmt"/>
        <line num="96" count="1" type="stmt"/>
        <line num="101" count="1" type="stmt"/>
        <line num="103" count="1" type="stmt"/>
        <line num="105" count="101" type="cond" truecount="4" falsecount="0"/>
        <line num="106" count="1" type="stmt"/>
        <line num="107" count="100" type="cond" truecount="1" falsecount="1"/>
        <line num="108" count="100" type="stmt"/>
        <line num="111" count="101" type="stmt"/>
        <line num="116" count="1" type="stmt"/>
        <line num="118" count="39" type="cond" truecount="2" falsecount="0"/>
        <line num="120" count="19" type="stmt"/>
        <line num="122" count="12228" type="cond" truecount="2" falsecount="0"/>
        <line num="123" count="1" type="stmt"/>
        <line num="126" count="1" type="stmt"/>
        <line num="127" count="1" type="stmt"/>
        <line num="128" count="1" type="stmt"/>
        <line num="129" count="3258" type="stmt"/>
        <line num="130" count="40" type="stmt"/>
        <line num="131" count="3057" type="stmt"/>
        <line num="132" count="3057" type="stmt"/>
        <line num="133" count="3057" type="stmt"/>
        <line num="134" count="3057" type="stmt"/>
        <line num="135" count="3057" type="stmt"/>
        <line num="138" count="1" type="stmt"/>
        <line num="139" count="1" type="stmt"/>
        <line num="142" count="1" type="stmt"/>
        <line num="146" count="1" type="cond" truecount="1" falsecount="1"/>
        <line num="147" count="0" type="stmt"/>
        <line num="148" count="0" type="stmt"/>
        <line num="151" count="1" type="stmt"/>
        <line num="152" count="1" type="stmt"/>
      </file>
    </package>
    <package name="test">
      <metrics statements="9" coveredstatements="9" conditionals="0" coveredconditionals="0" methods="4" coveredmethods="4"/>
      <file name="helpers.js" path="C:\GitHub\adventofcode\test\helpers.js">
        <metrics statements="9" coveredstatements="9" conditionals="0" coveredconditionals="0" methods="4" coveredmethods="4"/>
        <line num="1" count="2" type="stmt"/>
        <line num="4" count="15" type="stmt"/>
        <line num="5" count="15" type="stmt"/>
        <line num="6" count="15" type="stmt"/>
        <line num="8" count="15" type="stmt"/>
        <line num="9" count="15" type="stmt"/>
        <line num="12" count="15" type="stmt"/>
        <line num="13" count="15" type="stmt"/>
        <line num="18" count="2" type="stmt"/>
      </file>
    </package>
  </project>
</coverage>
